# JRE version: OpenJDK Runtime Environment (16.0.2+7) (build 16.0.2+7-67)
# Java VM: OpenJDK 64-Bit Server VM (16.0.2+7-67, mixed mode, tiered, compressed oops, compressed class ptrs, g1 gc, windows-amd64)
GC Precious Log:
 CPUs: 4 total, 4 available
 Memory: 7994M
 Large Page Support: Disabled
 NUMA Support: Disabled
 Compressed Oops: Enabled (32-bit)
 Heap Region Size: 1M
 Heap Min Capacity: 8M
 Heap Initial Capacity: 126M
 Heap Max Capacity: 2000M
 Pre-touch: Disabled
 Parallel Workers: 4
 Concurrent Workers: 1
 Concurrent Refinement Workers: 4
 Periodic GC: Disabled
Heap:
 garbage-first heap   total 67584K, used 32260K [0x0000000083000000, 0x0000000100000000)
  region size 1024K, 20 young (20480K), 2 survivors (2048K)
 Metaspace       used 35124K, committed 35392K, reserved 1081344K
  class space    used 3858K, committed 3968K, reserved 1048576K
GC Heap History (20 events):
Event: 3.014 GC heap before
{Heap before GC invocations=4 (full 0):
 garbage-first heap   total 30720K, used 21569K [0x0000000083000000, 0x0000000100000000)
  region size 1024K, 18 young (18432K), 4 survivors (4096K)
 Metaspace       used 25161K, committed 25344K, reserved 1073152K
  class space    used 2603K, committed 2688K, reserved 1048576K
}
Event: 3.022 GC heap after
{Heap after GC invocations=5 (full 0):
 garbage-first heap   total 30720K, used 10087K [0x0000000083000000, 0x0000000100000000)
  region size 1024K, 3 young (3072K), 3 survivors (3072K)
 Metaspace       used 25161K, committed 25344K, reserved 1073152K
  class space    used 2603K, committed 2688K, reserved 1048576K
}
Event: 3.753 GC heap before
{Heap before GC invocations=5 (full 0):
 garbage-first heap   total 30720K, used 19303K [0x0000000083000000, 0x0000000100000000)
  region size 1024K, 13 young (13312K), 3 survivors (3072K)
 Metaspace       used 27835K, committed 28224K, reserved 1081344K
  class space    used 2961K, committed 3136K, reserved 1048576K
}
Event: 3.757 GC heap after
{Heap after GC invocations=6 (full 0):
 garbage-first heap   total 30720K, used 11494K [0x0000000083000000, 0x0000000100000000)
  region size 1024K, 2 young (2048K), 2 survivors (2048K)
 Metaspace       used 27835K, committed 28224K, reserved 1081344K
  class space    used 2961K, committed 3136K, reserved 1048576K
}
Event: 3.978 GC heap before
{Heap before GC invocations=6 (full 0):
 garbage-first heap   total 30720K, used 19686K [0x0000000083000000, 0x0000000100000000)
  region size 1024K, 11 young (11264K), 2 survivors (2048K)
 Metaspace       used 29912K, committed 30272K, reserved 1081344K
  class space    used 3283K, committed 3456K, reserved 1048576K
}
Event: 3.981 GC heap after
{Heap after GC invocations=7 (full 0):
 garbage-first heap   total 30720K, used 12141K [0x0000000083000000, 0x0000000100000000)
  region size 1024K, 1 young (1024K), 1 survivors (1024K)
 Metaspace       used 29912K, committed 30272K, reserved 1081344K
  class space    used 3283K, committed 3456K, reserved 1048576K
}
Event: 7.695 GC heap before
{Heap before GC invocations=7 (full 0):
 garbage-first heap   total 30720K, used 18285K [0x0000000083000000, 0x0000000100000000)
  region size 1024K, 8 young (8192K), 1 survivors (1024K)
 Metaspace       used 31280K, committed 31552K, reserved 1081344K
  class space    used 3453K, committed 3584K, reserved 1048576K
}
Event: 7.697 GC heap after
{Heap after GC invocations=8 (full 0):
 garbage-first heap   total 30720K, used 13915K [0x0000000083000000, 0x0000000100000000)
  region size 1024K, 2 young (2048K), 2 survivors (2048K)
 Metaspace       used 31280K, committed 31552K, reserved 1081344K
  class space    used 3453K, committed 3584K, reserved 1048576K
}
Event: 7.697 GC heap before
{Heap before GC invocations=8 (full 0):
 garbage-first heap   total 30720K, used 14939K [0x0000000083000000, 0x0000000100000000)
  region size 1024K, 2 young (2048K), 2 survivors (2048K)
 Metaspace       used 31280K, committed 31552K, reserved 1081344K
  class space    used 3453K, committed 3584K, reserved 1048576K
}
Event: 7.699 GC heap after
{Heap after GC invocations=9 (full 0):
 garbage-first heap   total 30720K, used 14688K [0x0000000083000000, 0x0000000100000000)
  region size 1024K, 1 young (1024K), 1 survivors (1024K)
 Metaspace       used 31280K, committed 31552K, reserved 1081344K
  class space    used 3453K, committed 3584K, reserved 1048576K
}
Event: 7.725 GC heap before
{Heap before GC invocations=9 (full 0):
 garbage-first heap   total 48128K, used 29024K [0x0000000083000000, 0x0000000100000000)
  region size 1024K, 9 young (9216K), 1 survivors (1024K)
 Metaspace       used 31284K, committed 31552K, reserved 1081344K
  class space    used 3453K, committed 3584K, reserved 1048576K
}
Event: 7.726 GC heap after
{Heap after GC invocations=10 (full 0):
 garbage-first heap   total 48128K, used 15957K [0x0000000083000000, 0x0000000100000000)
  region size 1024K, 1 young (1024K), 1 survivors (1024K)
 Metaspace       used 31284K, committed 31552K, reserved 1081344K
  class space    used 3453K, committed 3584K, reserved 1048576K
}
Event: 7.764 GC heap before
{Heap before GC invocations=11 (full 0):
 garbage-first heap   total 48128K, used 34389K [0x0000000083000000, 0x0000000100000000)
  region size 1024K, 18 young (18432K), 1 survivors (1024K)
 Metaspace       used 31284K, committed 31552K, reserved 1081344K
  class space    used 3453K, committed 3584K, reserved 1048576K
}
Event: 7.766 GC heap after
{Heap after GC invocations=12 (full 0):
 garbage-first heap   total 48128K, used 16765K [0x0000000083000000, 0x0000000100000000)
  region size 1024K, 1 young (1024K), 1 survivors (1024K)
 Metaspace       used 31284K, committed 31552K, reserved 1081344K
  class space    used 3453K, committed 3584K, reserved 1048576K
}
Event: 9.483 GC heap before
{Heap before GC invocations=12 (full 0):
 garbage-first heap   total 48128K, used 25981K [0x0000000083000000, 0x0000000100000000)
  region size 1024K, 5 young (5120K), 1 survivors (1024K)
 Metaspace       used 31402K, committed 31744K, reserved 1081344K
  class space    used 3466K, committed 3584K, reserved 1048576K
}
Event: 9.485 GC heap after
{Heap after GC invocations=13 (full 0):
 garbage-first heap   total 67584K, used 15729K [0x0000000083000000, 0x0000000100000000)
  region size 1024K, 1 young (1024K), 1 survivors (1024K)
 Metaspace       used 31402K, committed 31744K, reserved 1081344K
  class space    used 3466K, committed 3584K, reserved 1048576K
}
Event: 12.204 GC heap before
{Heap before GC invocations=13 (full 0):
 garbage-first heap   total 67584K, used 56689K [0x0000000083000000, 0x0000000100000000)
  region size 1024K, 34 young (34816K), 1 survivors (1024K)
 Metaspace       used 31420K, committed 31744K, reserved 1081344K
  class space    used 3467K, committed 3584K, reserved 1048576K
}
Event: 12.205 GC heap after
{Heap after GC invocations=14 (full 0):
 garbage-first heap   total 67584K, used 13869K [0x0000000083000000, 0x0000000100000000)
  region size 1024K, 2 young (2048K), 2 survivors (2048K)
 Metaspace       used 31420K, committed 31744K, reserved 1081344K
  class space    used 3467K, committed 3584K, reserved 1048576K
}
Event: 16.204 GC heap before
{Heap before GC invocations=14 (full 0):
 garbage-first heap   total 67584K, used 53805K [0x0000000083000000, 0x0000000100000000)
  region size 1024K, 39 young (39936K), 2 survivors (2048K)
 Metaspace       used 31475K, committed 31744K, reserved 1081344K
  class space    used 3469K, committed 3584K, reserved 1048576K
}
Event: 16.206 GC heap after
{Heap after GC invocations=15 (full 0):
 garbage-first heap   total 67584K, used 14852K [0x0000000083000000, 0x0000000100000000)
  region size 1024K, 2 young (2048K), 2 survivors (2048K)
 Metaspace       used 31475K, committed 31744K, reserved 1081344K
  class space    used 3469K, committed 3584K, reserved 1048576K
}

